h:\my documents\github\nexus\nexus\debug\source.obj
h:\my documents\github\nexus\nexus\debug\vc100.pdb
h:\my documents\github\nexus\debug\nexus.ilk
h:\my documents\github\nexus\debug\nexus.exe
h:\my documents\github\nexus\debug\nexus.pdb
h:\my documents\github\sdltemplate\nexus\nexus\debug\vc120.pdb
h:\my documents\github\sdltemplate\nexus\nexus\debug\vc120.idb
h:\my documents\github\sdltemplate\nexus\nexus\debug\source.obj
h:\my documents\github\sdltemplate\nexus\nexus\debug\nexus.vcxprojresolveassemblyreference.cache
h:\my documents\github\sdltemplate\nexus\nexus\debug\cl.command.1.tlog
h:\my documents\github\sdltemplate\nexus\nexus\debug\cl.read.1.tlog
h:\my documents\github\sdltemplate\nexus\nexus\debug\cl.write.1.tlog
h:\my documents\github\sdltemplate\nexus\nexus\debug\link.command.1.tlog
h:\my documents\github\sdltemplate\nexus\nexus\debug\link.read.1.tlog
h:\my documents\github\sdltemplate\nexus\nexus\debug\link.write.1.tlog
h:\my documents\github\sdltemplate\nexus\nexus\debug\mt.command.1.tlog
h:\my documents\github\sdltemplate\nexus\nexus\debug\mt.read.1.tlog
h:\my documents\github\sdltemplate\nexus\nexus\debug\mt.write.1.tlog
h:\my documents\github\sdltemplate\nexus\nexus\debug\nexus.write.1.tlog
h:\my documents\github\sdltemplate\nexus\nexus\debug\nexus.exe.intermediate.manifest
h:\my documents\github\sdltemplate\nexus\nexus\debug\vc100.idb
h:\my documents\github\sdltemplate\nexus\nexus\debug\vc100.pdb
h:\my documents\github\sdltemplate\nexus\debug\nexus.pdb
h:\my documents\github\sdltemplate\nexus\nexus\debug\nexus.tlog\cl.command.1.tlog
h:\my documents\github\sdltemplate\nexus\nexus\debug\nexus.tlog\cl.read.1.tlog
h:\my documents\github\sdltemplate\nexus\nexus\debug\nexus.tlog\cl.write.1.tlog
h:\my documents\github\sdltemplate\nexus\nexus\debug\nexus.tlog\link-cvtres.read.1.tlog
h:\my documents\github\sdltemplate\nexus\nexus\debug\nexus.tlog\link-cvtres.write.1.tlog
h:\my documents\github\sdltemplate\nexus\nexus\debug\nexus.tlog\link-rc.read.1.tlog
h:\my documents\github\sdltemplate\nexus\nexus\debug\nexus.tlog\link-rc.write.1.tlog
h:\my documents\github\sdltemplate\nexus\nexus\debug\nexus.tlog\link.command.1.tlog
h:\my documents\github\sdltemplate\nexus\nexus\debug\nexus.tlog\link.read.1.tlog
h:\my documents\github\sdltemplate\nexus\nexus\debug\nexus.tlog\link.write.1.tlog
